<?xml version="1.0" encoding="UTF-8"?>
<!-- Generated by org.testng.reporters.JUnitReportReporter -->
<testsuite skipped="0" hostname="DMINBNOI18021" name="com.TestCases.LoginTestCase" tests="1" failures="0" timestamp="28 Nov 2018 12:17:09 GMT" time="109.372" errors="0">
  <testcase name="LoginTest" time="109.372" classname="com.TestCases.LoginTestCase"/>
</testsuite> <!-- com.TestCases.LoginTestCase -->
