<?xml version="1.0" encoding="UTF-8"?>
<!-- Generated by org.testng.reporters.JUnitReportReporter -->
<testsuite skipped="0" hostname="DMINBNOI18021" name="com.TestCases.LoginTestCase" tests="1" failures="0" timestamp="29 Nov 2018 08:28:57 GMT" time="40.785" errors="0">
  <testcase name="LoginTest" time="40.785" classname="com.TestCases.LoginTestCase"/>
</testsuite> <!-- com.TestCases.LoginTestCase -->
